<?xml version="1.0" encoding="UTF-8"?>
<testsuite name="au.edu.sydney.cpa.erp.feaa.AllowedScopeTest" tests="22" skipped="0" failures="0" errors="0" timestamp="2020-05-26T13:30:47" hostname="DESKTOP-3JBS0PB" time="48.913">
  <properties/>
  <testcase name="testOrderCriticalAudit" classname="au.edu.sydney.cpa.erp.feaa.AllowedScopeTest" time="1.288"/>
  <testcase name="testOrderStandardAuditSched" classname="au.edu.sydney.cpa.erp.feaa.AllowedScopeTest" time="0.021"/>
  <testcase name="testOrderStandardRegular" classname="au.edu.sydney.cpa.erp.feaa.AllowedScopeTest" time="0.019"/>
  <testcase name="testOrderCriticalRegular" classname="au.edu.sydney.cpa.erp.feaa.AllowedScopeTest" time="0.01"/>
  <testcase name="testOrderCriticalAuditSched" classname="au.edu.sydney.cpa.erp.feaa.AllowedScopeTest" time="0.011"/>
  <testcase name="testOrderCriticalRegularSched" classname="au.edu.sydney.cpa.erp.feaa.AllowedScopeTest" time="0.012"/>
  <testcase name="testOrderStandardAudit" classname="au.edu.sydney.cpa.erp.feaa.AllowedScopeTest" time="0.013"/>
  <testcase name="testOrderStandardRegularSched" classname="au.edu.sydney.cpa.erp.feaa.AllowedScopeTest" time="0.013"/>
  <testcase name="getKnownContactMethods" classname="au.edu.sydney.cpa.erp.feaa.AllowedScopeTest" time="0.01"/>
  <testcase name="orderLineSet" classname="au.edu.sydney.cpa.erp.feaa.AllowedScopeTest" time="0.02"/>
  <testcase name="getOrderShortDesc" classname="au.edu.sydney.cpa.erp.feaa.AllowedScopeTest" time="0.006"/>
  <testcase name="login" classname="au.edu.sydney.cpa.erp.feaa.AllowedScopeTest" time="0.005"/>
  <testcase name="removeOrder" classname="au.edu.sydney.cpa.erp.feaa.AllowedScopeTest" time="0.007"/>
  <testcase name="getOrderLongDesc" classname="au.edu.sydney.cpa.erp.feaa.AllowedScopeTest" time="0.006"/>
  <testcase name="getAllOrders" classname="au.edu.sydney.cpa.erp.feaa.AllowedScopeTest" time="0.006"/>
  <testcase name="createOrder" classname="au.edu.sydney.cpa.erp.feaa.AllowedScopeTest" time="0.005"/>
  <testcase name="getAllReports" classname="au.edu.sydney.cpa.erp.feaa.AllowedScopeTest" time="47.393"/>
  <testcase name="finaliseOrder" classname="au.edu.sydney.cpa.erp.feaa.AllowedScopeTest" time="0.044"/>
  <testcase name="logout" classname="au.edu.sydney.cpa.erp.feaa.AllowedScopeTest" time="0.003"/>
  <testcase name="getClient" classname="au.edu.sydney.cpa.erp.feaa.AllowedScopeTest" time="0.008"/>
  <testcase name="getOrderTotalCost" classname="au.edu.sydney.cpa.erp.feaa.AllowedScopeTest" time="0.004"/>
  <testcase name="getAllClientIDs" classname="au.edu.sydney.cpa.erp.feaa.AllowedScopeTest" time="0.004"/>
  <system-out><![CDATA[]]></system-out>
  <system-err><![CDATA[]]></system-err>
</testsuite>
